<?xml version="1.0" encoding="UTF-8"?>
<!-- Generated by org.testng.reporters.JUnitReportReporter -->
<testsuite hostname="VNNOT01519" failures="0" tests="2" name="com.anhtester.Bai20_21_Practise_POM_CRM_testcases.CustomerTest" time="57.085" errors="0" timestamp="2025-06-15T12:52:37 GMT+07:00" skipped="0">
  <testcase classname="com.anhtester.Bai20_21_Practise_POM_CRM_testcases.CustomerTest" name="testAddNewCustomer" time="26.519"/>
  <testcase classname="com.anhtester.Bai20_21_Practise_POM_CRM_testcases.CustomerTest" name="testAddNewCustomer_SearchInTable" time="30.566"/>
</testsuite> <!-- com.anhtester.Bai20_21_Practise_POM_CRM_testcases.CustomerTest -->
