<?xml version="1.0" encoding="UTF-8"?>
<!-- Generated by org.testng.reporters.JUnitReportReporter -->
<testsuite hostname="VNNOT01519" failures="0" tests="2" name="com.anhtester.Bai10_Annotations.DemoAnnotations" time="10.024" errors="0" timestamp="2025-05-31T20:59:17 GMT+07:00" skipped="0">
  <testcase classname="com.anhtester.Bai10_Annotations.DemoAnnotations" name="LoginPage1" time="5.744"/>
  <testcase classname="com.anhtester.Bai10_Annotations.DemoAnnotations" name="LoginPage2" time="4.280"/>
</testsuite> <!-- com.anhtester.Bai10_Annotations.DemoAnnotations -->
