<?xml version="1.0" encoding="UTF-8"?>
<!-- Generated by org.testng.reporters.JUnitReportReporter -->
<testsuite hostname="VNNOT01519" failures="0" tests="2" name="com.anhtester.Bai22_23_HamChung_WebUI_testcases.CustomerTest" time="24.758" errors="0" timestamp="2025-06-16T22:32:27 GMT+07:00" skipped="0">
  <testcase classname="com.anhtester.Bai22_23_HamChung_WebUI_testcases.CustomerTest" name="testAddNewCustomer_SearchInTable" time="14.011"/>
  <testcase classname="com.anhtester.Bai22_23_HamChung_WebUI_testcases.CustomerTest" name="testAddNewCustomer" time="10.747"/>
</testsuite> <!-- com.anhtester.Bai22_23_HamChung_WebUI_testcases.CustomerTest -->
