<?xml version="1.0" encoding="UTF-8"?>
<!-- Generated by org.testng.reporters.JUnitReportReporter -->
<testsuite hostname="VNNOT01519" failures="0" tests="1" name="com.anhtester.Bai16_ThucHanhCRM_Waits.ThucHanhCRM_Part1" time="7.906" errors="0" timestamp="2025-06-09T11:26:22 GMT+07:00" skipped="0">
  <testcase classname="com.anhtester.Bai16_ThucHanhCRM_Waits.ThucHanhCRM_Part1" name="TestCustomerCRM" time="7.906"/>
</testsuite> <!-- com.anhtester.Bai16_ThucHanhCRM_Waits.ThucHanhCRM_Part1 -->
