<?xml version="1.0" encoding="UTF-8"?>
<!-- Generated by org.testng.reporters.JUnitReportReporter -->
<testsuite hostname="VNNOT01519" failures="0" tests="1" name="com.anhtester.Bai28_Excel_File_Data_testcases.CustomerTest" time="28.691" errors="0" timestamp="2025-06-21T10:46:27 GMT+07:00" skipped="0">
  <testcase classname="com.anhtester.Bai28_Excel_File_Data_testcases.CustomerTest" name="testAddNewCustomer" time="28.691"/>
</testsuite> <!-- com.anhtester.Bai28_Excel_File_Data_testcases.CustomerTest -->
