<?xml version="1.0" encoding="UTF-8"?>
<!-- Generated by org.testng.reporters.JUnitReportReporter -->
<testsuite hostname="VNNOT01519" failures="0" tests="6" name="com.anhtester.Bai17_PageObjectModel.testcases.LoginTest" time="28.957" errors="0" timestamp="2025-06-12T14:34:45 GMT+07:00" skipped="0">
  <testcase classname="com.anhtester.Bai17_PageObjectModel.testcases.LoginTest" name="loginFailWithEmailInvalid" time="4.870"/>
  <testcase classname="com.anhtester.Bai17_PageObjectModel.testcases.LoginTest" name="loginFailWithEmailNullAndPasswordNull" time="4.653"/>
  <testcase classname="com.anhtester.Bai17_PageObjectModel.testcases.LoginTest" name="loginSuccess" time="5.384"/>
  <testcase classname="com.anhtester.Bai17_PageObjectModel.testcases.LoginTest" name="loginFailWithPasswordInvalid" time="4.494"/>
  <testcase classname="com.anhtester.Bai17_PageObjectModel.testcases.LoginTest" name="loginFailWithPasswordNull" time="4.362"/>
  <testcase classname="com.anhtester.Bai17_PageObjectModel.testcases.LoginTest" name="loginFailWithEmailNull" time="5.194"/>
</testsuite> <!-- com.anhtester.Bai17_PageObjectModel.testcases.LoginTest -->
