<?xml version="1.0" encoding="UTF-8"?>
<!-- Generated by org.testng.reporters.JUnitReportReporter -->
<testsuite hostname="VNNOT01519" failures="0" tests="1" name="testcases.TaskTest" time="18.723" errors="0" timestamp="2025-07-03T16:04:43 ICT" skipped="0">
  <testcase classname="testcases.TaskTest" name="verifyTask" time="18.723"/>
</testsuite> <!-- testcases.TaskTest -->
