<?xml version="1.0" encoding="UTF-8"?>
<!-- Generated by org.testng.reporters.JUnitReportReporter -->
<testsuite hostname="VNNOT01519" failures="0" tests="6" name="com.anhtester.Bai19_PageNavigation.testcases.LoginTest" time="34.648" errors="0" timestamp="2025-06-15T07:23:15 GMT+07:00" skipped="0">
  <testcase classname="com.anhtester.Bai19_PageNavigation.testcases.LoginTest" name="loginFailWithEmailInvalid" time="6.849"/>
  <testcase classname="com.anhtester.Bai19_PageNavigation.testcases.LoginTest" name="loginFailWithEmailNullAndPasswordNull" time="4.673"/>
  <testcase classname="com.anhtester.Bai19_PageNavigation.testcases.LoginTest" name="loginFailWithPasswordNull" time="4.799"/>
  <testcase classname="com.anhtester.Bai19_PageNavigation.testcases.LoginTest" name="loginSuccess" time="6.168"/>
  <testcase classname="com.anhtester.Bai19_PageNavigation.testcases.LoginTest" name="loginFailWithPasswordInvalid" time="5.043"/>
  <testcase classname="com.anhtester.Bai19_PageNavigation.testcases.LoginTest" name="loginFailWithEmailNull" time="7.116"/>
</testsuite> <!-- com.anhtester.Bai19_PageNavigation.testcases.LoginTest -->
