<?xml version="1.0" encoding="UTF-8"?>
<!-- Generated by org.testng.reporters.JUnitReportReporter -->
<testsuite hostname="VNNOT01519" failures="0" tests="1" name="testcases.ProjectTest" time="19.885" errors="0" timestamp="2025-07-03T16:03:01 ICT" skipped="0">
  <testcase classname="testcases.ProjectTest" name="verifyProjectOfCustomer" time="19.885"/>
</testsuite> <!-- testcases.ProjectTest -->
