<?xml version="1.0" encoding="UTF-8"?>
<!-- Generated by org.testng.reporters.JUnitReportReporter -->
<testsuite hostname="VNNOT01519" failures="0" tests="2" name="com.anhtester.Bai33_ExtentReport_testcases.CustomerTest" time="25.662" errors="0" timestamp="2025-06-25T13:44:51 GMT+07:00" skipped="0">
  <testcase classname="com.anhtester.Bai33_ExtentReport_testcases.CustomerTest" name="testAddNewCustomer" time="13.593"/>
  <testcase classname="com.anhtester.Bai33_ExtentReport_testcases.CustomerTest" name="testAddNewCustomer_SearchInTable" time="12.069"/>
</testsuite> <!-- com.anhtester.Bai33_ExtentReport_testcases.CustomerTest -->
