<?xml version="1.0" encoding="UTF-8"?>
<!-- Generated by org.testng.reporters.JUnitReportReporter -->
<testsuite hostname="VNNOT01519" failures="0" tests="1" name="com.anhtester.Bai34_AllureReport_testcases.CustomerTest" time="35.246" errors="0" timestamp="2025-06-28T09:27:02 ICT" skipped="0">
  <testcase classname="com.anhtester.Bai34_AllureReport_testcases.CustomerTest" name="ScenarioCustomer" time="35.246"/>
</testsuite> <!-- com.anhtester.Bai34_AllureReport_testcases.CustomerTest -->
