<?xml version="1.0" encoding="UTF-8"?>
<!-- Generated by org.testng.reporters.JUnitReportReporter -->
<testsuite hostname="VNNOT01519" failures="0" tests="1" name="com.anhtester.Bai26_ParallelExecutionPOM_testcases.LoginTest" time="5.376" errors="0" timestamp="2025-06-20T12:03:15 GMT+07:00" skipped="0">
  <testcase classname="com.anhtester.Bai26_ParallelExecutionPOM_testcases.LoginTest" name="loginSuccess" time="5.376"/>
</testsuite> <!-- com.anhtester.Bai26_ParallelExecutionPOM_testcases.LoginTest -->
