<?xml version="1.0" encoding="UTF-8"?>
<!-- Generated by org.testng.reporters.JUnitReportReporter -->
<testsuite hostname="VNNOT01519" failures="0" tests="1" name="com.anhtester.Bai18_PageFactory.testcases.DashboardTest" time="9.415" errors="0" timestamp="2025-06-12T17:05:21 GMT+07:00" skipped="0">
  <testcase classname="com.anhtester.Bai18_PageFactory.testcases.DashboardTest" name="testCheckDashboardTotal" time="9.415"/>
</testsuite> <!-- com.anhtester.Bai18_PageFactory.testcases.DashboardTest -->
