<?xml version="1.0" encoding="UTF-8"?>
<!-- Generated by org.testng.reporters.JUnitReportReporter -->
<testsuite hostname="VNNOT01519" failures="0" tests="2" name="com.anhtester.Bai29_DataProvider_testcases.DemoDataProvider" time="0.010" errors="0" timestamp="2025-06-21T23:32:23 GMT+07:00" skipped="0">
  <testcase classname="com.anhtester.Bai29_DataProvider_testcases.DemoDataProvider" name="testDataProvider01" time="0.009"/>
  <testcase classname="com.anhtester.Bai29_DataProvider_testcases.DemoDataProvider" name="testDataProvider01" time="0.001"/>
</testsuite> <!-- com.anhtester.Bai29_DataProvider_testcases.DemoDataProvider -->
