<?xml version="1.0" encoding="UTF-8"?>
<!-- Generated by org.testng.reporters.JUnitReportReporter -->
<testsuite hostname="VNNOT01519" failures="0" tests="3" name="com.anhtester.Bai14_JavascriptExecutor.DemoJavascriptExecutor" time="5.697" errors="0" timestamp="2025-06-08T14:40:27 GMT+07:00" skipped="0">
  <testcase classname="com.anhtester.Bai14_JavascriptExecutor.DemoJavascriptExecutor" name="JsExecutorDemo03" time="3.455"/>
  <testcase classname="com.anhtester.Bai14_JavascriptExecutor.DemoJavascriptExecutor" name="JsExecutorDemo02" time="1.646"/>
  <testcase classname="com.anhtester.Bai14_JavascriptExecutor.DemoJavascriptExecutor" name="JsExecutorDemo01" time="0.596"/>
</testsuite> <!-- com.anhtester.Bai14_JavascriptExecutor.DemoJavascriptExecutor -->
