<?xml version="1.0" encoding="UTF-8"?>
<!-- Generated by org.testng.reporters.JUnitReportReporter -->
<testsuite hostname="VNNOT01519" failures="0" tests="3" name="com.anhtester.Bai22_23_HamChung_WebUI_testcases.LoginTest" time="26.275" errors="0" timestamp="2025-06-18T12:07:54 GMT+07:00" skipped="0">
  <testcase classname="com.anhtester.Bai22_23_HamChung_WebUI_testcases.LoginTest" name="loginSuccess" time="9.116"/>
  <testcase classname="com.anhtester.Bai22_23_HamChung_WebUI_testcases.LoginTest" name="loginSuccess" time="9.418"/>
  <testcase classname="com.anhtester.Bai22_23_HamChung_WebUI_testcases.LoginTest" name="loginSuccess" time="7.741"/>
</testsuite> <!-- com.anhtester.Bai22_23_HamChung_WebUI_testcases.LoginTest -->
