<?xml version="1.0" encoding="UTF-8"?>
<!-- Generated by org.testng.reporters.JUnitReportReporter -->
<testsuite hostname="VNNOT01519" failures="0" tests="1" name="com.anhtester.Bai19_PageNavigation.testcases.DashboardTest" time="7.767" errors="0" timestamp="2025-06-13T16:48:20 GMT+07:00" skipped="0">
  <testcase classname="com.anhtester.Bai19_PageNavigation.testcases.DashboardTest" name="testCheckDashboardTotal" time="7.767"/>
</testsuite> <!-- com.anhtester.Bai19_PageNavigation.testcases.DashboardTest -->
