<?xml version="1.0" encoding="UTF-8"?>
<!-- Generated by org.testng.reporters.JUnitReportReporter -->
<testsuite hostname="VNNOT01519" failures="0" tests="3" name="com.anhtester.Bai13_Alert_Popup_IFrame.HandlePopupWindow" time="15.025" errors="0" timestamp="2025-06-07T17:19:03 GMT+07:00" skipped="0">
  <testcase classname="com.anhtester.Bai13_Alert_Popup_IFrame.HandlePopupWindow" name="DemoNotSwitchToTab" time="5.142"/>
  <testcase classname="com.anhtester.Bai13_Alert_Popup_IFrame.HandlePopupWindow" name="TestOpenNewWindow" time="7.512"/>
  <testcase classname="com.anhtester.Bai13_Alert_Popup_IFrame.HandlePopupWindow" name="TestOpenNewTab" time="2.371"/>
</testsuite> <!-- com.anhtester.Bai13_Alert_Popup_IFrame.HandlePopupWindow -->
