<?xml version="1.0" encoding="UTF-8"?>
<!-- Generated by org.testng.reporters.JUnitReportReporter -->
<testsuite hostname="VNNOT01519" failures="0" tests="1" name="com.anhtester.Bai11_Assert.DemoHardAssert" time="13.928" errors="0" timestamp="2025-06-07T08:33:36 GMT+07:00" skipped="0">
  <testcase classname="com.anhtester.Bai11_Assert.DemoHardAssert" name="testLoginSuccess" time="13.928"/>
</testsuite> <!-- com.anhtester.Bai11_Assert.DemoHardAssert -->
