<?xml version="1.0" encoding="UTF-8"?>
<!-- Generated by org.testng.reporters.JUnitReportReporter -->
<testsuite hostname="VNNOT01519" failures="0" tests="1" name="bai16_thuchanh.DuAnTest" time="10.898" errors="0" timestamp="2025-05-11T11:32:25 GMT+07:00" skipped="0">
  <testcase classname="bai16_thuchanh.DuAnTest" name="loginToATTSystem" time="10.898"/>
</testsuite> <!-- bai16_thuchanh.DuAnTest -->
