<?xml version="1.0" encoding="UTF-8"?>
<!-- Generated by org.testng.reporters.JUnitReportReporter -->
<testsuite hostname="VNNOT01519" failures="0" tests="3" name="testcases.LoginTest" time="14.132" errors="0" timestamp="2025-07-03T15:40:41 ICT" skipped="0">
  <testcase classname="testcases.LoginTest" name="loginFailWithEmailInvalid" time="5.917"/>
  <testcase classname="testcases.LoginTest" name="loginFailWithPasswordInvalid" time="3.259"/>
  <testcase classname="testcases.LoginTest" name="loginSuccess" time="4.956"/>
</testsuite> <!-- testcases.LoginTest -->
