<?xml version="1.0" encoding="UTF-8"?>
<!-- Generated by org.testng.reporters.JUnitReportReporter -->
<testsuite hostname="VNNOT01519" failures="0" tests="1" name="bai24.TableTest" time="25.451" errors="0" timestamp="2025-04-20T09:42:42 GMT+07:00" skipped="0">
  <testcase classname="bai24.TableTest" name="checkTable" time="25.451"/>
</testsuite> <!-- bai24.TableTest -->
