<?xml version="1.0" encoding="UTF-8"?>
<!-- Generated by org.testng.reporters.JUnitReportReporter -->
<testsuite hostname="VNNOT01519" failures="0" tests="1" name="com.anhtester.Bai31_TestListeners_testcases.LoginTest" time="6.784" errors="0" timestamp="2025-06-23T17:52:09 GMT+07:00" skipped="0">
  <testcase classname="com.anhtester.Bai31_TestListeners_testcases.LoginTest" name="loginSuccess" time="6.784"/>
</testsuite> <!-- com.anhtester.Bai31_TestListeners_testcases.LoginTest -->
