<?xml version="1.0" encoding="UTF-8"?>
<!-- Generated by org.testng.reporters.JUnitReportReporter -->
<testsuite hostname="VNNOT01519" failures="0" tests="2" name="com.anhtester.Bai13_Alert_Popup_IFrame.HandleAlert" time="30.966" errors="0" timestamp="2025-06-08T14:15:10 GMT+07:00" skipped="0">
  <testcase classname="com.anhtester.Bai13_Alert_Popup_IFrame.HandleAlert" name="HandleAlert" time="11.146"/>
  <testcase classname="com.anhtester.Bai13_Alert_Popup_IFrame.HandleAlert" name="HandleAlert2" time="19.820"/>
</testsuite> <!-- com.anhtester.Bai13_Alert_Popup_IFrame.HandleAlert -->
