<?xml version="1.0" encoding="UTF-8"?>
<!-- Generated by org.testng.reporters.JUnitReportReporter -->
<testsuite hostname="VNNOT01519" failures="0" tests="1" name="com.anhtester.Bai32_Log4j2_testcases.LoginTest" time="7.031" errors="0" timestamp="2025-06-24T12:01:32 GMT+07:00" skipped="0">
  <testcase classname="com.anhtester.Bai32_Log4j2_testcases.LoginTest" name="loginSuccess" time="7.031"/>
</testsuite> <!-- com.anhtester.Bai32_Log4j2_testcases.LoginTest -->
