<?xml version="1.0" encoding="UTF-8"?>
<!-- Generated by org.testng.reporters.JUnitReportReporter -->
<testsuite hostname="VNNOT01519" failures="0" tests="6" name="com.anhtester.Bai12_Actions_Robot_Class.DemoActionClass" time="27.220" errors="0" timestamp="2025-06-07T13:45:58 GMT+07:00" skipped="0">
  <testcase classname="com.anhtester.Bai12_Actions_Robot_Class.DemoActionClass" name="TestCopyPaste" time="10.284"/>
  <testcase classname="com.anhtester.Bai12_Actions_Robot_Class.DemoActionClass" name="TestScrollDownAndUp" time="4.343"/>
  <testcase classname="com.anhtester.Bai12_Actions_Robot_Class.DemoActionClass" name="TestInputUperCase" time="1.889"/>
  <testcase classname="com.anhtester.Bai12_Actions_Robot_Class.DemoActionClass" name="TestDragAndDrop" time="9.681"/>
  <testcase classname="com.anhtester.Bai12_Actions_Robot_Class.DemoActionClass" name="TestMoveToElement" time="0.590"/>
  <testcase classname="com.anhtester.Bai12_Actions_Robot_Class.DemoActionClass" name="TestDoubleClick" time="0.433"/>
</testsuite> <!-- com.anhtester.Bai12_Actions_Robot_Class.DemoActionClass -->
