<?xml version="1.0" encoding="UTF-8"?>
<!-- Generated by org.testng.reporters.JUnitReportReporter -->
<testsuite hostname="VNNOT01519" failures="0" tests="1" name="com.anhtester.Bai17_PageObjectModel.testcases.DashboardTest" time="6.881" errors="0" timestamp="2025-06-11T22:35:42 GMT+07:00" skipped="0">
  <testcase classname="com.anhtester.Bai17_PageObjectModel.testcases.DashboardTest" name="testCheckDashboardTotal" time="6.881"/>
</testsuite> <!-- com.anhtester.Bai17_PageObjectModel.testcases.DashboardTest -->
