<?xml version="1.0" encoding="UTF-8"?>
<!-- Generated by org.testng.reporters.JUnitReportReporter -->
<testsuite hostname="VNNOT01519" failures="0" tests="3" name="tests.ExampleTest" time="20.827" errors="0" timestamp="2025-04-20T10:45:48 GMT+07:00" skipped="0">
  <testcase classname="tests.ExampleTest" name="openHomePage" time="5.388"/>
  <testcase classname="tests.ExampleTest" name="openHomePage" time="5.244"/>
  <testcase classname="tests.ExampleTest" name="openHomePage" time="10.195"/>
</testsuite> <!-- tests.ExampleTest -->
