<?xml version="1.0" encoding="UTF-8"?>
<!-- Generated by org.testng.reporters.JUnitReportReporter -->
<testsuite hostname="VNNOT01519" failures="0" tests="1" name="bai20.SignIn" time="12.645" errors="0" timestamp="2025-04-19T12:59:01 GMT+07:00" skipped="0">
  <testcase classname="bai20.SignIn" name="abc" time="12.645"/>
</testsuite> <!-- bai20.SignIn -->
