<?xml version="1.0" encoding="UTF-8"?>
<!-- Generated by org.testng.reporters.JUnitReportReporter -->
<testsuite hostname="VNNOT01519" failures="0" tests="1" name="com.anhtester.Bai16_ThucHanhCRM_Waits.ThucHanhCRM_Part2" time="27.227" errors="0" timestamp="2025-06-15T11:57:04 GMT+07:00" skipped="0">
  <testcase classname="com.anhtester.Bai16_ThucHanhCRM_Waits.ThucHanhCRM_Part2" name="TestCustomerCRM" time="27.227"/>
</testsuite> <!-- com.anhtester.Bai16_ThucHanhCRM_Waits.ThucHanhCRM_Part2 -->
