<?xml version="1.0" encoding="UTF-8"?>
<!-- Generated by org.testng.reporters.JUnitReportReporter -->
<testsuite hostname="VNNOT01519" failures="0" tests="4" name="com.anhtester.Bai24_Parameter_MultiBrowser.DemoParameters" time="0.015" errors="0" timestamp="2025-06-18T09:56:34 GMT+07:00" skipped="0">
  <testcase classname="com.anhtester.Bai24_Parameter_MultiBrowser.DemoParameters" name="login" time="0.010"/>
  <testcase classname="com.anhtester.Bai24_Parameter_MultiBrowser.DemoParameters" name="login" time="0.001"/>
  <testcase classname="com.anhtester.Bai24_Parameter_MultiBrowser.DemoParameters" name="sum2" time="0.003"/>
  <testcase classname="com.anhtester.Bai24_Parameter_MultiBrowser.DemoParameters" name="sum2" time="0.001"/>
</testsuite> <!-- com.anhtester.Bai24_Parameter_MultiBrowser.DemoParameters -->
