<?xml version="1.0" encoding="UTF-8"?>
<!-- Generated by org.testng.reporters.JUnitReportReporter -->
<testsuite hostname="VNNOT01519" failures="0" tests="6" name="com.anhtester.Bai18_PageFactory.testcases.LoginTest" time="29.398" errors="0" timestamp="2025-06-12T17:15:36 GMT+07:00" skipped="0">
  <testcase classname="com.anhtester.Bai18_PageFactory.testcases.LoginTest" name="loginFailWithEmailNull" time="4.303"/>
  <testcase classname="com.anhtester.Bai18_PageFactory.testcases.LoginTest" name="loginSuccess" time="5.249"/>
  <testcase classname="com.anhtester.Bai18_PageFactory.testcases.LoginTest" name="loginFailWithPasswordNull" time="4.379"/>
  <testcase classname="com.anhtester.Bai18_PageFactory.testcases.LoginTest" name="loginFailWithPasswordInvalid" time="5.374"/>
  <testcase classname="com.anhtester.Bai18_PageFactory.testcases.LoginTest" name="loginFailWithEmailNullAndPasswordNull" time="4.740"/>
  <testcase classname="com.anhtester.Bai18_PageFactory.testcases.LoginTest" name="loginFailWithEmailInvalid" time="5.353"/>
</testsuite> <!-- com.anhtester.Bai18_PageFactory.testcases.LoginTest -->
