<?xml version="1.0" encoding="UTF-8"?>
<!-- Generated by org.testng.reporters.JUnitReportReporter -->
<testsuite hostname="VNNOT01519" failures="0" tests="1" name="com.anhtester.Bai20_Practise_POM_CRM_testcases.CustomerTest" time="9.852" errors="0" timestamp="2025-06-14T23:27:30 GMT+07:00" skipped="0">
  <testcase classname="com.anhtester.Bai20_Practise_POM_CRM_testcases.CustomerTest" name="testAddNewCustomer" time="9.852"/>
</testsuite> <!-- com.anhtester.Bai20_Practise_POM_CRM_testcases.CustomerTest -->
