<?xml version="1.0" encoding="UTF-8"?>
<!-- Generated by org.testng.reporters.JUnitReportReporter -->
<testsuite hostname="VNNOT01519" failures="0" tests="1" name="testcases.CustomerTest" time="30.536" errors="0" timestamp="2025-07-02T21:13:09 ICT" skipped="0">
  <testcase classname="testcases.CustomerTest" name="verifyCreateUpdateDeleteCustomerSuccess" time="30.536"/>
  <system-out/>
</testsuite> <!-- testcases.CustomerTest -->
